<?xml version="1.0" encoding="UTF-8"?>
<!-- Generated by org.testng.reporters.JUnitReportReporter -->
<testsuite hostname="Ajay" failures="0" tests="13" name="Onboarding.FunderOnboarding" time="17.499" errors="1" timestamp="2023-03-09T12:45:58 IST" skipped="3">
  <testcase classname="Onboarding.FunderOnboarding" name="enterURL" time="0.000">
    <skipped/>
  </testcase> <!-- enterURL -->
  <system-out/>
  <testcase classname="Onboarding.FunderOnboarding" name="enterTaxRegNumber" time="0.185"/>
  <system-out/>
  <testcase classname="Onboarding.FunderOnboarding" name="enterCompanyRegNumber" time="0.254"/>
  <system-out/>
  <testcase classname="Onboarding.FunderOnboarding" name="enterIncorporatedDate" time="0.000">
    <skipped/>
  </testcase> <!-- enterIncorporatedDate -->
  <system-out/>
  <testcase classname="Onboarding.FunderOnboarding" name="enterFunderName" time="0.369"/>
  <system-out/>
  <testcase classname="Onboarding.FunderOnboarding" name="enterTradingCommencedDate" time="0.000">
    <skipped/>
  </testcase> <!-- enterTradingCommencedDate -->
  <system-out/>
  <testcase classname="Onboarding.FunderOnboarding" name="enterEmailAddress" time="0.824"/>
  <system-out/>
  <testcase classname="Onboarding.FunderOnboarding" name="enterPhoneNumber" time="0.002">
    <error message="Compound class names not permitted
For documentation on this error, please visit: https://selenium.dev/exceptions/#invalid_selector_exception
Build info: version: &#039;4.6.0&#039;, revision: &#039;79f1c02ae20&#039;
System info: os.name: &#039;Windows 11&#039;, os.arch: &#039;amd64&#039;, os.version: &#039;10.0&#039;, java.version: &#039;17.0.6&#039;
Driver info: driver.version: unknown" type="org.openqa.selenium.InvalidSelectorException">
      <![CDATA[org.openqa.selenium.InvalidSelectorException: Compound class names not permitted
For documentation on this error, please visit: https://selenium.dev/exceptions/#invalid_selector_exception
Build info: version: '4.6.0', revision: '79f1c02ae20'
System info: os.name: 'Windows 11', os.arch: 'amd64', os.version: '10.0', java.version: '17.0.6'
Driver info: driver.version: unknown
at org.openqa.selenium.By$ByClassName.<init>(By.java:310)
at org.openqa.selenium.By.className(By.java:100)
at Onboarding.FunderOnboarding.enterPhoneNumber(FunderOnboarding.java:119)
at java.base/jdk.internal.reflect.NativeMethodAccessorImpl.invoke0(Native Method)
at java.base/jdk.internal.reflect.NativeMethodAccessorImpl.invoke(NativeMethodAccessorImpl.java:77)
at java.base/jdk.internal.reflect.DelegatingMethodAccessorImpl.invoke(DelegatingMethodAccessorImpl.java:43)
at java.base/java.lang.reflect.Method.invoke(Method.java:568)
at org.testng.internal.MethodInvocationHelper.invokeMethod(MethodInvocationHelper.java:133)
at org.testng.internal.TestInvoker.invokeMethod(TestInvoker.java:598)
at org.testng.internal.TestInvoker.invokeTestMethod(TestInvoker.java:173)
at org.testng.internal.MethodRunner.runInSequence(MethodRunner.java:46)
at org.testng.internal.TestInvoker$MethodInvocationAgent.invoke(TestInvoker.java:824)
at org.testng.internal.TestInvoker.invokeTestMethods(TestInvoker.java:146)
at org.testng.internal.TestMethodWorker.invokeTestMethods(TestMethodWorker.java:146)
at org.testng.internal.TestMethodWorker.run(TestMethodWorker.java:128)
at java.base/java.util.ArrayList.forEach(ArrayList.java:1511)
at org.testng.TestRunner.privateRun(TestRunner.java:794)
at org.testng.TestRunner.run(TestRunner.java:596)
at org.testng.SuiteRunner.runTest(SuiteRunner.java:377)
at org.testng.SuiteRunner.runSequentially(SuiteRunner.java:371)
at org.testng.SuiteRunner.privateRun(SuiteRunner.java:332)
at org.testng.SuiteRunner.run(SuiteRunner.java:276)
at org.testng.SuiteRunnerWorker.runSuite(SuiteRunnerWorker.java:53)
at org.testng.SuiteRunnerWorker.run(SuiteRunnerWorker.java:96)
at org.testng.TestNG.runSuitesSequentially(TestNG.java:1212)
at org.testng.TestNG.runSuitesLocally(TestNG.java:1134)
at org.testng.TestNG.runSuites(TestNG.java:1063)
at org.testng.TestNG.run(TestNG.java:1031)
at org.testng.remote.AbstractRemoteTestNG.run(AbstractRemoteTestNG.java:115)
at org.testng.remote.RemoteTestNG.initAndRun(RemoteTestNG.java:251)
at org.testng.remote.RemoteTestNG.main(RemoteTestNG.java:77)
]]>
    </error>
  </testcase> <!-- enterPhoneNumber -->
  <system-out/>
  <testcase classname="Onboarding.FunderOnboarding" name="openChrome" time="1.857"/>
  <system-out/>
  <testcase classname="Onboarding.FunderOnboarding" name="loginUser" time="8.529"/>
  <system-out/>
  <testcase classname="Onboarding.FunderOnboarding" name="clickTransaction" time="0.088"/>
  <system-out/>
  <testcase classname="Onboarding.FunderOnboarding" name="clickFunder" time="5.250"/>
  <system-out/>
  <testcase classname="Onboarding.FunderOnboarding" name="createFunder" time="0.141"/>
  <system-out/>
</testsuite> <!-- Onboarding.FunderOnboarding -->
